C51 COMPILER V9.60.7.0   COUNT_TOT                                                         07/12/2024 18:34:28 PAGE 1   


C51 COMPILER V9.60.7.0, COMPILATION OF MODULE COUNT_TOT
OBJECT MODULE PLACED IN .\Objects\COUNT_TOT.obj
COMPILER INVOKED BY: C:\Keil_v5\C51\BIN\C51.EXE COUNT_TOT.c OPTIMIZE(8,SPEED) BROWSE DEBUG OBJECTEXTEND PRINT(.\Listings
                    -\COUNT_TOT.lst) TABS(2) OBJECT(.\Objects\COUNT_TOT.obj)

line level    source

   1          #include<reg51.h>
   2          #include<stdio.h>
   3          
   4          void lcdcmd(unsigned char);
   5          void msdelay(unsigned int);
   6          void lcdstring(unsigned char*);
   7          void lcddata(unsigned char);
   8          void lcdnumber(unsigned int);
   9          
  10          unsigned char runs[] = {'0','1','2','3','4','6'};//array for cricket runs
  11          unsigned int i,count_of_balls;
  12          unsigned char j;
  13          
  14          sbit sw2 = P1^3;
  15          sbit rs=P2^0;
  16          sbit rw=P2^1;
  17          sbit en=P2^2;
  18          
  19          void timer0_isr(void) interrupt 1{
  20   1        if(sw2==0){
  21   2          lcdcmd(0xCB);
  22   2          lcddata(j);
  23   2          
  24   2        }
  25   1      }
  26          
  27          //------------------------------------------------
  28          void main(void){//main function
  29   1          sw2 = 1;
  30   1        
  31   1          TMOD = 0x01;
  32   1          TH0 = 0X00;
  33   1          TL0 = 0X00;
  34   1          EA = 1;
  35   1          ET0 = 1;
  36   1        
  37   1          lcdcmd(0x38);
  38   1          msdelay(5);
  39   1          lcdcmd(0x0C);
  40   1          msdelay(5);
  41   1          lcdcmd(0x80);
  42   1        
  43   1          lcdstring("1st over");
  44   1        
  45   1          while(1){
  46   2            
  47   2              for(i=0;i<6;i++){           
  48   3                TR0=1;        
  49   3                j=runs[i];
  50   3                  if(i>5){
  51   4                    i=0;
  52   4                  }
  53   3              }
  54   2            
C51 COMPILER V9.60.7.0   COUNT_TOT                                                         07/12/2024 18:34:28 PAGE 2   

  55   2            /*else{
  56   2              lcdcmd(0x01);
  57   2              lcdcmd(0x0E);
  58   2              lcdcmd(0x80);
  59   2              lcdstring("Match over");
  60   2            }*/
  61   2            
  62   2            
  63   2            
  64   2          }
  65   1          
  66   1      }
  67          //---------------------------------------------------
  68          void lcdcmd(unsigned char hexacode){//declaration for cmds 
  69   1        P3=hexacode;
  70   1        rs=0;
  71   1        rw=0;
  72   1        en=1;
  73   1        msdelay(1);
  74   1        en=0;
  75   1      }
  76          
  77          void lcddata(unsigned char value){//declaration for data to print
  78   1        P3=value;
  79   1        rs=1;
  80   1        rw=0;
  81   1        en=1;
  82   1        msdelay(1);
  83   1        en=0;
  84   1      }
  85          
  86          void lcdstring(unsigned char *str){//using pointer to send string as char
  87   1        while(*str){//checking if the str is null or not
  88   2          lcddata(*str++);
  89   2          msdelay(10);
  90   2        }
  91   1      }
  92          
  93          void msdelay(unsigned int time){
  94   1          unsigned int i,j;
  95   1          for(i=0;i<time;i++)
  96   1          for(j=0;j<1275;j++);
  97   1      }
  98          
  99          void lcdnumber(unsigned int x){
 100   1        char buffer[10];
 101   1        sprintf(buffer,"%d",x);
 102   1        lcdstring(buffer);
 103   1      }


MODULE INFORMATION:   STATIC OVERLAYABLE
   CODE SIZE        =    306    ----
   CONSTANT SIZE    =     12    ----
   XDATA SIZE       =   ----    ----
   PDATA SIZE       =   ----    ----
   DATA SIZE        =     11      13
   IDATA SIZE       =   ----    ----
   BIT SIZE         =   ----    ----
END OF MODULE INFORMATION.


C51 COMPILATION COMPLETE.  0 WARNING(S),  0 ERROR(S)
