C51 COMPILER V9.60.7.0   TRAFFICLIGHT                                                      05/16/2024 10:57:16 PAGE 1   


C51 COMPILER V9.60.7.0, COMPILATION OF MODULE TRAFFICLIGHT
OBJECT MODULE PLACED IN .\Objects\TRAFFICLIGHT.obj
COMPILER INVOKED BY: C:\Keil_v5\C51\BIN\C51.EXE TRAFFICLIGHT.c OPTIMIZE(8,SPEED) BROWSE DEBUG OBJECTEXTEND PRINT(.\Listi
                    -ngs\TRAFFICLIGHT.lst) TABS(2) OBJECT(.\Objects\TRAFFICLIGHT.obj)

line level    source

   1          #include<reg51.h>
   2          sbit red = P1^0;
   3          sbit yellow = P1^1;
   4          sbit green = P1^2;
   5          
   6          void main(){
   7   1        unsigned int i;
   8   1        P1=0x00;
   9   1        red=yellow=green=0;
  10   1        while(1){
  11   2          red=1;
  12   2          for(i=0;i<60000;i++);
  13   2          for(i=0;i<60000;i++);
  14   2          red=0;yellow=1;
  15   2          for(i=0;i<60000;i++);
  16   2          yellow=0;green=1;
  17   2          for(i=0;i<60000;i++);
  18   2          for(i=0;i<60000;i++);
  19   2          green=0;
  20   2        }
  21   1      }


MODULE INFORMATION:   STATIC OVERLAYABLE
   CODE SIZE        =    157    ----
   CONSTANT SIZE    =   ----    ----
   XDATA SIZE       =   ----    ----
   PDATA SIZE       =   ----    ----
   DATA SIZE        =   ----    ----
   IDATA SIZE       =   ----    ----
   BIT SIZE         =   ----    ----
END OF MODULE INFORMATION.


C51 COMPILATION COMPLETE.  0 WARNING(S),  0 ERROR(S)
