C51 COMPILER V9.60.7.0   DC_MOTOR                                                          05/10/2024 11:14:29 PAGE 1   


C51 COMPILER V9.60.7.0, COMPILATION OF MODULE DC_MOTOR
OBJECT MODULE PLACED IN .\Objects\DC_motor.obj
COMPILER INVOKED BY: C:\Keil_v5\C51\BIN\C51.EXE DC_MOTOR\DC_motor.c OPTIMIZE(8,SPEED) BROWSE DEBUG OBJECTEXTEND PRINT(.\
                    -Listings\DC_motor.lst) TABS(2) OBJECT(.\Objects\DC_motor.obj)

line level    source

   1          #include<reg51.h>
   2          sbit motpo=P1^0;
   3          sbit motneg=P1^1;
   4          
   5          void main()
   6          {
   7   1        unsigned int i;
   8   1        motpo=motneg=0;
   9   1        
  10   1        while(1){
  11   2          
  12   2          motpo=1;
  13   2          motneg=0;
  14   2          for(i=0;i<60000;i++);
  15   2        
  16   2          motpo=0;
  17   2          motneg=1;
  18   2          for(i=0;i<60000;i++);
  19   2        }
  20   1      }


MODULE INFORMATION:   STATIC OVERLAYABLE
   CODE SIZE        =     64    ----
   CONSTANT SIZE    =   ----    ----
   XDATA SIZE       =   ----    ----
   PDATA SIZE       =   ----    ----
   DATA SIZE        =   ----    ----
   IDATA SIZE       =   ----    ----
   BIT SIZE         =   ----    ----
END OF MODULE INFORMATION.


C51 COMPILATION COMPLETE.  0 WARNING(S),  0 ERROR(S)
