C51 COMPILER V9.60.7.0   4TERMINALMOTOR                                                    05/27/2024 11:19:40 PAGE 1   


C51 COMPILER V9.60.7.0, COMPILATION OF MODULE 4TERMINALMOTOR
OBJECT MODULE PLACED IN .\Objects\4terminalmotor.obj
COMPILER INVOKED BY: C:\Keil_v5\C51\BIN\C51.EXE 4terminalmotor.c OPTIMIZE(8,SPEED) BROWSE DEBUG OBJECTEXTEND PRINT(.\Lis
                    -tings\4terminalmotor.lst) TABS(2) OBJECT(.\Objects\4terminalmotor.obj)

line level    source

   1          #include<reg51.h>
   2          sbit l1=P1^0;
   3          sbit l2=P1^1;
   4          sbit l3=P1^2;
   5          sbit l4=P1^3;
   6          void delay(){
   7   1        unsigned int i;
   8   1        for(i=0;i<60000;i++);
   9   1      }
  10          void main(){
  11   1        while(1){
  12   2          l1=1;
  13   2          l2=l3=l4=0;
  14   2          delay();
  15   2          
  16   2          l2=1;
  17   2          l1=l3=l4=0;
  18   2          delay();
  19   2          
  20   2          l3=1;
  21   2          l1=l2=l4=0;
  22   2          delay();
  23   2          
  24   2          l4=1;
  25   2          l1=l2=l3=0;
  26   2          delay();
  27   2        }
  28   1      }


MODULE INFORMATION:   STATIC OVERLAYABLE
   CODE SIZE        =     72    ----
   CONSTANT SIZE    =   ----    ----
   XDATA SIZE       =   ----    ----
   PDATA SIZE       =   ----    ----
   DATA SIZE        =   ----    ----
   IDATA SIZE       =   ----    ----
   BIT SIZE         =   ----    ----
END OF MODULE INFORMATION.


C51 COMPILATION COMPLETE.  0 WARNING(S),  0 ERROR(S)
