C51 COMPILER V9.60.7.0   EXAMPLE                                                           07/10/2024 11:25:27 PAGE 1   


C51 COMPILER V9.60.7.0, COMPILATION OF MODULE EXAMPLE
OBJECT MODULE PLACED IN .\Objects\example.obj
COMPILER INVOKED BY: C:\Keil_v5\C51\BIN\C51.EXE example.c OPTIMIZE(8,SPEED) BROWSE DEBUG OBJECTEXTEND PRINT(.\Listings\e
                    -xample.lst) TABS(2) OBJECT(.\Objects\example.obj)

line level    source

   1          #include<reg51.h>
   2          sbit led1=P1^0;
   3          sbit sw1=P2^3;
   4          unsigned int count;
   5          
   6          void timer0_isr(void) interrupt 1{
   7   1        count++;
   8   1      }
   9          
  10          void main(void){
  11   1        
  12   1        led1=1;
  13   1        sw1=1;
  14   1        
  15   1        TMOD=0X01;
  16   1        TH0=0X00;
  17   1        TL0=0X00;
  18   1        EA=1;
  19   1        ET0=1;
  20   1        TR0=1;
  21   1      while(1){ 
  22   2        if(count==845&&sw1==0){
  23   3          led1=0;
  24   3          count=0;
  25   3        }
  26   2        
  27   2      }
  28   1      }


MODULE INFORMATION:   STATIC OVERLAYABLE
   CODE SIZE        =     53    ----
   CONSTANT SIZE    =   ----    ----
   XDATA SIZE       =   ----    ----
   PDATA SIZE       =   ----    ----
   DATA SIZE        =      2    ----
   IDATA SIZE       =   ----    ----
   BIT SIZE         =   ----    ----
END OF MODULE INFORMATION.


C51 COMPILATION COMPLETE.  0 WARNING(S),  0 ERROR(S)
