C51 COMPILER V9.60.7.0   LCD_HW                                                            07/10/2024 00:04:53 PAGE 1   


C51 COMPILER V9.60.7.0, COMPILATION OF MODULE LCD_HW
OBJECT MODULE PLACED IN .\Objects\LCD_HW.obj
COMPILER INVOKED BY: C:\Keil_v5\C51\BIN\C51.EXE LCD_HW.c OPTIMIZE(8,SPEED) BROWSE DEBUG OBJECTEXTEND PRINT(.\Listings\LC
                    -D_HW.lst) TABS(2) OBJECT(.\Objects\LCD_HW.obj)

line level    source

   1          #include<reg51.h>
   2          
   3          sbit rs = P2^0;
   4          sbit rw = P2^1;
   5          sbit en = P2^2;
   6          
   7          void lcdcmd(unsigned char);
   8          void lcddata(unsigned char);
   9          void lcdstring(unsigned char*);
  10          
  11          void msdelay(unsigned int); 
  12          
  13          void main(){
  14   1        lcdcmd(0x38);
  15   1        msdelay(5);
  16   1        lcdcmd(0x0C);
  17   1        msdelay(5);
  18   1        lcdcmd(0x0E);
  19   1        msdelay(5);
  20   1        lcdcmd(0x01);
  21   1        msdelay(5);
  22   1        lcdcmd(0x80);
  23   1        msdelay(5);
  24   1        
  25   1        lcdstring("BHAVAN RB");
  26   1      }
  27          
  28          void lcdcmd(unsigned char cmd){
  29   1        P3 = cmd;
  30   1        rs = 0;
  31   1        rw = 0;
  32   1        en = 1;
  33   1        msdelay(1);
  34   1        en=0;
  35   1      }
  36          
  37          void lcddata(unsigned char value){
  38   1        P3 = value;
  39   1        rs = 1;
  40   1        rw = 0;
  41   1        en = 1;
  42   1        msdelay(1);
  43   1        en = 0;
  44   1      }
  45          
  46          void lcdstring(unsigned char *str){
  47   1        while(*str){
  48   2          lcddata(*str++);
  49   2          msdelay(50);
  50   2        }
  51   1        
  52   1      }
  53          
  54          void msdelay(unsigned int ui){
C51 COMPILER V9.60.7.0   LCD_HW                                                            07/10/2024 00:04:53 PAGE 2   

  55   1        unsigned int i,j;
  56   1        for(i=0;i<ui;i++)
  57   1        for(j=0;j<1275;j++);
  58   1      }


MODULE INFORMATION:   STATIC OVERLAYABLE
   CODE SIZE        =    165    ----
   CONSTANT SIZE    =     10    ----
   XDATA SIZE       =   ----    ----
   PDATA SIZE       =   ----    ----
   DATA SIZE        =   ----       3
   IDATA SIZE       =   ----    ----
   BIT SIZE         =   ----    ----
END OF MODULE INFORMATION.


C51 COMPILATION COMPLETE.  0 WARNING(S),  0 ERROR(S)
