C51 COMPILER V9.60.7.0   EXT_INTERRUPT                                                     07/11/2024 17:25:44 PAGE 1   


C51 COMPILER V9.60.7.0, COMPILATION OF MODULE EXT_INTERRUPT
OBJECT MODULE PLACED IN .\Objects\ext_interrupt.obj
COMPILER INVOKED BY: C:\Keil_v5\C51\BIN\C51.EXE ext_interrupt.c OPTIMIZE(8,SPEED) BROWSE DEBUG OBJECTEXTEND PRINT(.\List
                    -ings\ext_interrupt.lst) TABS(2) OBJECT(.\Objects\ext_interrupt.obj)

line level    source

   1          #include <reg51.h>
   2          sbit a = P3^0;
   3          unsigned int i;
   4          
   5          // Define interrupt service routines
   6          void external_interrupt_0() interrupt 0 {
   7   1          P1 = ~P1; // Toggle all bits of Port 1
   8   1      }
   9          
  10          void external_interrupt_1() interrupt 2 {
  11   1          P2 = ~P2; // Toggle all bits of Port 2
  12   1      }
  13          
  14          // Function to initialize external interrupts
  15          void init_external_interrupts() {
  16   1          // Enable external interrupts INT0 and INT1
  17   1          IE = 0x85; // Enable EX0 and EX1 and global interrupt enable
  18   1      
  19   1          // Configure INT0 and INT1 for falling edge triggered
  20   1          TCON = 0x05; // IT0 = 1, IT1 = 1
  21   1      }
  22          
  23          void main() {
  24   1          P1 = 0x00; // Initialize Port 1 to 0
  25   1          P2 = 0x00; // Initialize Port 2 to 0
  26   1          init_external_interrupts(); // Initialize external interrupts
  27   1      
  28   1          while (1) {
  29   2              // Main loop
  30   2            
  31   2            a=0;
  32   2            for(i=0;i<19999;i++);
  33   2            a=1;
  34   2            for(i=0;i<19999;i++);
  35   2          }
  36   1      }


MODULE INFORMATION:   STATIC OVERLAYABLE
   CODE SIZE        =     74    ----
   CONSTANT SIZE    =   ----    ----
   XDATA SIZE       =   ----    ----
   PDATA SIZE       =   ----    ----
   DATA SIZE        =      2    ----
   IDATA SIZE       =   ----    ----
   BIT SIZE         =   ----    ----
END OF MODULE INFORMATION.


C51 COMPILATION COMPLETE.  0 WARNING(S),  0 ERROR(S)
