C51 COMPILER V9.60.7.0   BASICTOOGLE                                                       07/13/2024 15:50:53 PAGE 1   


C51 COMPILER V9.60.7.0, COMPILATION OF MODULE BASICTOOGLE
OBJECT MODULE PLACED IN .\Objects\basicToogle.obj
COMPILER INVOKED BY: C:\Keil_v5\C51\BIN\C51.EXE basicToogle.c OPTIMIZE(8,SPEED) BROWSE DEBUG OBJECTEXTEND PRINT(.\Listin
                    -gs\basicToogle.lst) TABS(2) OBJECT(.\Objects\basicToogle.obj)

line level    source

   1          #include<reg52.h>
   2            unsigned int a;
   3          void main(void){
   4   1        while(1){
   5   2          P1 = 0X55;
   6   2          for(a=0;a<400;a++);
   7   2          P1 = 0xAA;
   8   2          for(a=0;a<400;a++);
   9   2        }
  10   1      }


MODULE INFORMATION:   STATIC OVERLAYABLE
   CODE SIZE        =     53    ----
   CONSTANT SIZE    =   ----    ----
   XDATA SIZE       =   ----    ----
   PDATA SIZE       =   ----    ----
   DATA SIZE        =      2    ----
   IDATA SIZE       =   ----    ----
   BIT SIZE         =   ----    ----
END OF MODULE INFORMATION.


C51 COMPILATION COMPLETE.  0 WARNING(S),  0 ERROR(S)
