C51 COMPILER V9.60.7.0   TOGGLELED                                                         05/10/2024 11:39:45 PAGE 1   


C51 COMPILER V9.60.7.0, COMPILATION OF MODULE TOGGLELED
OBJECT MODULE PLACED IN .\Objects\toggleled.obj
COMPILER INVOKED BY: C:\Keil_v5\C51\BIN\C51.EXE toggleled.c OPTIMIZE(8,SPEED) BROWSE DEBUG OBJECTEXTEND PRINT(.\Listings
                    -\toggleled.lst) TABS(2) OBJECT(.\Objects\toggleled.obj)

line level    source

   1          #include<reg51.h>
   2          void main(){
   3   1      
   4   1        unsigned int i,y;
   5   1        unsigned char x;
   6   1        
   7   1        P1=0x00;
   8   1        
   9   1        while(1){
  10   2          x=0x01;
  11   2          for(y=0;y<8;y++){
  12   3            P1=x;
  13   3            for(i=0;i<60000;i++);
  14   3            x=x<<1;
  15   3          }
  16   2        }
  17   1      }


MODULE INFORMATION:   STATIC OVERLAYABLE
   CODE SIZE        =     61    ----
   CONSTANT SIZE    =   ----    ----
   XDATA SIZE       =   ----    ----
   PDATA SIZE       =   ----    ----
   DATA SIZE        =   ----       3
   IDATA SIZE       =   ----    ----
   BIT SIZE         =   ----    ----
END OF MODULE INFORMATION.


C51 COMPILATION COMPLETE.  0 WARNING(S),  0 ERROR(S)
