C51 COMPILER V9.60.7.0   INTERRUPT2                                                        07/09/2024 17:48:36 PAGE 1   


C51 COMPILER V9.60.7.0, COMPILATION OF MODULE INTERRUPT2
OBJECT MODULE PLACED IN .\Objects\interrupt2.obj
COMPILER INVOKED BY: C:\Keil_v5\C51\BIN\C51.EXE interrupt2.c OPTIMIZE(8,SPEED) BROWSE DEBUG OBJECTEXTEND PRINT(.\Listing
                    -s\interrupt2.lst) TABS(2) OBJECT(.\Objects\interrupt2.obj)

line level    source

   1          #include<reg52.h>
   2          
   3          #define unit unsigned int
   4          #define uchar unsigned char
   5          
   6          unsigned int i;
   7          
   8          sbit SW1   =P3^7;
   9          sbit SW2 = P3^6; 
  10          sbit IND  =P3^4; 
  11          sbit WAVE =P3^5; 
  12          
  13          unsigned int tim0,tim1;
  14          
  15          void timer0(void) interrupt 1 
  16          { 
  17   1      WAVE=1;
  18   1      tim0++;
  19   1       } 
  20          
  21           void timer1(void) interrupt 3 
  22          { 
  23   1      IND=1;
  24   1      tim1++;
  25   1       } 
  26          
  27           
  28           void main() 
  29           {
  30   1       
  31   1       SW1=1;
  32   1       SW2=1;
  33   1       WAVE=0;
  34   1       IND=0;
  35   1         
  36   1         TMOD = 0X11;
  37   1         TL0 = 0X00;
  38   1         TH0 = 0X00;
  39   1         TL1 = 0X00;
  40   1         TH1 = 0X00;
  41   1         IE = 0X8A;
  42   1        
  43   1       while (1) 
  44   1       {  
  45   2         if(SW1 == 0){
  46   3           TR0=1;
  47   3         }
  48   2         if(tim0 == 1000){
  49   3          tim0=0;
  50   3           WAVE =0;
  51   3              TR0=0;
  52   3         }
  53   2          
  54   2          
C51 COMPILER V9.60.7.0   INTERRUPT2                                                        07/09/2024 17:48:36 PAGE 2   

  55   2         
  56   2         
  57   2         if(SW2 == 0){
  58   3          TR1=1;
  59   3           
  60   3         }
  61   2         if(tim1==2000){
  62   3           tim1=0;
  63   3           IND =0;
  64   3           TR1=0;
  65   3         }
  66   2           
  67   2           
  68   2       }
  69   1       }


MODULE INFORMATION:   STATIC OVERLAYABLE
   CODE SIZE        =    103    ----
   CONSTANT SIZE    =   ----    ----
   XDATA SIZE       =   ----    ----
   PDATA SIZE       =   ----    ----
   DATA SIZE        =      6    ----
   IDATA SIZE       =   ----    ----
   BIT SIZE         =   ----    ----
END OF MODULE INFORMATION.


C51 COMPILATION COMPLETE.  0 WARNING(S),  0 ERROR(S)
