C51 COMPILER V9.60.7.0   SWITCH                                                            05/16/2024 10:21:28 PAGE 1   


C51 COMPILER V9.60.7.0, COMPILATION OF MODULE SWITCH
OBJECT MODULE PLACED IN .\Objects\switch.obj
COMPILER INVOKED BY: C:\Keil_v5\C51\BIN\C51.EXE SWITCH\switch.c OPTIMIZE(8,SPEED) BROWSE DEBUG OBJECTEXTEND PRINT(.\List
                    -ings\switch.lst) TABS(2) OBJECT(.\Objects\switch.obj)

line level    source

   1          #include<reg51.h>
   2          sbit led1 = P1^0;
   3          sbit led2 = P1^1;
   4          sbit led3 = P1^2;
   5          sbit led4 = P1^3;
   6          
   7          sbit but1 = P2^0;
   8          sbit but2 = P2^1;
   9          sbit but3 = P2^2;
  10          sbit but4 = P2^3;
  11          
  12          void main(){
  13   1        P1 = 0x00;
  14   1        P2 = 0xff;
  15   1        while(1){
  16   2          if(but1 == 0){
  17   3            led1 = 1;
  18   3            while(but1==0);
  19   3          }
  20   2          if(but2==0){
  21   3            led2=1;
  22   3            while(but2==0);
  23   3          }
  24   2          if(but3 == 0){
  25   3            led3 = 1;
  26   3            while(but3 == 0);
  27   3          }
  28   2          if(but4 == 0){
  29   3            led4 = 1;
  30   3            while(but4 == 0);
  31   3          }
  32   2          led1=led2=led3=led4=0;
  33   2        }
  34   1      }


MODULE INFORMATION:   STATIC OVERLAYABLE
   CODE SIZE        =     48    ----
   CONSTANT SIZE    =   ----    ----
   XDATA SIZE       =   ----    ----
   PDATA SIZE       =   ----    ----
   DATA SIZE        =   ----    ----
   IDATA SIZE       =   ----    ----
   BIT SIZE         =   ----    ----
END OF MODULE INFORMATION.


C51 COMPILATION COMPLETE.  0 WARNING(S),  0 ERROR(S)
